<?xml version='1.0'?>
<ns2:test-suite xmlns:ns2='urn:model.allure.qatools.yandex.ru' start='1627482319400' stop='1627482319405'>
    <name>Functional Testing on Application </name>
    <title>Functional Testing on Application </title>
    <test-cases>
        <test-case start='1627482319401' status='pending' stop='1627482319402'>
            <name>Scrolling and Mouse Hover</name>
            <title>Scrolling and Mouse Hover</title>
            <labels/>
            <parameters/>
            <steps/>
            <attachments/>
            <failure>
                <message>Test ignored</message>
                <stack-trace>undefined</stack-trace>
            </failure>
        </test-case>
        <test-case start='1627482319403' status='pending' stop='1627482319403'>
            <name>Double click on Button</name>
            <title>Double click on Button</title>
            <labels/>
            <parameters/>
            <steps/>
            <attachments/>
            <failure>
                <message>Test ignored</message>
                <stack-trace>undefined</stack-trace>
            </failure>
        </test-case>
        <test-case start='1627482319403' status='pending' stop='1627482319403'>
            <name>Web Table Sort validation Smoke</name>
            <title>Web Table Sort validation Smoke</title>
            <labels/>
            <parameters/>
            <steps/>
            <attachments/>
            <failure>
                <message>Test ignored</message>
                <stack-trace>undefined</stack-trace>
            </failure>
        </test-case>
        <test-case start='1627482319403' status='pending' stop='1627482319403'>
            <name>Web Table Filter validation</name>
            <title>Web Table Filter validation</title>
            <labels/>
            <parameters/>
            <steps/>
            <attachments/>
            <failure>
                <message>Test ignored</message>
                <stack-trace>undefined</stack-trace>
            </failure>
        </test-case>
    </test-cases>
</ns2:test-suite>